<?xml version="1.0" encoding="UTF-8"?>
<!-- Generated by org.testng.reporters.JUnitXMLReporter -->
<testsuite ignored="0" hostname="DESKTOP-5EVK54D" failures="0" tests="4" name="Default test" time="0.168" errors="0" timestamp="2024-01-04T09:13:16 IST">
  <testcase classname="testngdiscussion.ExecutingTestCaseParallel" name="testCase1" time="0.023"/>
  <testcase classname="testngdiscussion.ExecutingTestCaseParallel" name="testCase2" time="0.003"/>
  <testcase classname="testngdiscussion.ExecutingTestCaseParallel" name="testCase3" time="0.008"/>
  <testcase classname="testngdiscussion.ExecutingTestCaseParallel" name="testCase4" time="0.003"/>
</testsuite> <!-- Default test -->
