<?xml version="1.0" encoding="UTF-8"?>
<!-- Generated by org.testng.reporters.JUnitXMLReporter -->
<testsuite ignored="0" hostname="DESKTOP-5EVK54D" failures="0" tests="4" name="Default test" time="0.186" errors="0" timestamp="2023-12-27T09:29:43 IST">
  <testcase classname="testngdiscussion.FacebookTestCase" name="home" time="0.018"/>
  <testcase classname="testngdiscussion.FacebookTestCase" name="login" time="0.008"/>
  <testcase classname="testngdiscussion.FacebookTestCase" name="logout" time="0.006"/>
  <testcase classname="testngdiscussion.FacebookTestCase" name="profile" time="0.013"/>
</testsuite> <!-- Default test -->
