<?xml version="1.0" encoding="UTF-8"?>
<!-- Generated by org.testng.reporters.JUnitXMLReporter -->
<testsuite ignored="0" hostname="DESKTOP-5EVK54D" failures="0" tests="3" name="FireFoxTest" time="10.155" errors="0" timestamp="2024-01-02T09:16:57 IST">
  <testcase classname="testngdiscussion.ParametersInTestNG" name="getBrowsername" time="0.006"/>
  <testcase classname="testngdiscussion.ParametersInTestNG" name="getServerAndBrowser" time="10.113"/>
  <testcase classname="testngdiscussion.ParametersInTestNG" name="getProjectAndBrowserName" time="0.006"/>
</testsuite> <!-- FireFoxTest -->
