<?xml version="1.0" encoding="UTF-8"?>
<!-- Generated by org.testng.reporters.JUnitXMLReporter -->
<testsuite ignored="0" hostname="DESKTOP-5EVK54D" failures="1" tests="6" name="Test" time="0.197" errors="0" timestamp="2023-12-30T09:30:05 IST">
  <testcase classname="testngdiscussion.DependsOnMethodKeyword" name="login" time="0.015">
    <failure type="java.lang.NullPointerException" message="Failing login test case">
      <![CDATA[java.lang.NullPointerException: Failing login test case
at testngdiscussion.DependsOnMethodKeyword.login(DependsOnMethodKeyword.java:13)
at java.base/java.util.ArrayList.forEach(ArrayList.java:1511)
... Removed 27 stack frames]]>
    </failure>
  </testcase> <!-- login -->
  <testcase classname="testngdiscussion.DependsOnMethodKeyword" name="home" time="0.0">
    <skipped/>
  </testcase> <!-- home -->
  <testcase classname="testngdiscussion.DependsOnMethodKeyword" name="profile" time="0.0">
    <skipped/>
  </testcase> <!-- profile -->
  <testcase classname="testngdiscussion.DependsOnMethodKeyword" name="logout" time="0.003"/>
  <testcase classname="testngdiscussion.DependsOnMethod2" name="logout" time="0.003"/>
  <testcase classname="testngdiscussion.DependsOnMethod2" name="validateTitleOfPage" time="0.0">
    <skipped/>
  </testcase> <!-- validateTitleOfPage -->
</testsuite> <!-- Test -->
