<?xml version="1.0" encoding="UTF-8"?>
<!-- Generated by org.testng.reporters.JUnitXMLReporter -->
<testsuite ignored="2" hostname="DESKTOP-5EVK54D" failures="0" tests="4" name="Test" time="5.217" errors="0" timestamp="2024-01-11T09:20:25 IST">
  <testcase classname="testclasses.RegisterTest" name="registerUser" time="3.944"/>
  <testcase classname="testclasses.RegisterTest" name="navToLoginPage" time="0.28"/>
  <testcase classname="testclasses.LoginTest" name="validateTitle" time="0.059"/>
  <testcase classname="testclasses.LoginTest" name="loginToApp" time="0.643"/>
  <testcase classname="testclasses.BaseTest" name="@BeforeSuite initBrowser" time="0.0">
    <ignored/>
  </testcase> <!-- @BeforeSuite initBrowser -->
  <testcase classname="testclasses.BaseTest" name="@AfterSuite tearDown" time="0.0">
    <ignored/>
  </testcase> <!-- @AfterSuite tearDown -->
</testsuite> <!-- Test -->
