<?xml version="1.0" encoding="UTF-8"?>
<!-- Generated by org.testng.reporters.JUnitXMLReporter -->
<testsuite ignored="0" hostname="DESKTOP-5EVK54D" failures="0" tests="6" name="Morning" time="0.204" errors="0" timestamp="2023-12-29T09:29:28 IST">
  <testcase classname="testngdiscussion.LoginPage" name="getTitle" time="0.013"/>
  <testcase classname="testngdiscussion.LoginPage" name="loginToApp" time="0.013"/>
  <testcase classname="testngdiscussion.HomePageTest" name="validateCarousel" time="0.005"/>
  <testcase classname="testngdiscussion.HomePageTest" name="verifyUrl" time="0.008"/>
  <testcase classname="waits.TestCase" name="testCase1" time="0.004"/>
  <testcase classname="waits.TestCase" name="testCase2" time="0.006"/>
</testsuite> <!-- Morning -->
