<?xml version="1.0" encoding="UTF-8"?>
<testng-results ignored="0" total="6" passed="6" failed="0" skipped="0">
  <reporter-output>
  </reporter-output>
  <suite started-at="2024-01-02T09:16:39 IST" name="Suite" finished-at="2024-01-02T09:16:57 IST" duration-ms="18287">
    <groups>
    </groups>
    <test started-at="2024-01-02T09:16:39 IST" name="ChromeTest" finished-at="2024-01-02T09:16:47 IST" duration-ms="7979">
      <class name="testngdiscussion.ParametersInTestNG">
        <test-method signature="getBrowsername(java.lang.String)[pri:1, instance:testngdiscussion.ParametersInTestNG@53fdffa1]" started-at="2024-01-02T09:16:39 IST" name="getBrowsername" finished-at="2024-01-02T09:16:39 IST" duration-ms="27" status="PASS">
          <params>
            <param index="0">
              <value>
                <![CDATA[qa]]>
              </value>
            </param>
          </params>
          <reporter-output>
          </reporter-output>
        </test-method> <!-- getBrowsername -->
        <test-method signature="getServerAndBrowser(java.lang.String,java.lang.String)[pri:2, instance:testngdiscussion.ParametersInTestNG@53fdffa1]" started-at="2024-01-02T09:16:39 IST" name="getServerAndBrowser" finished-at="2024-01-02T09:16:47 IST" duration-ms="7714" status="PASS">
          <params>
            <param index="0">
              <value>
                <![CDATA[qa]]>
              </value>
            </param>
            <param index="1">
              <value>
                <![CDATA[Chrome]]>
              </value>
            </param>
          </params>
          <reporter-output>
          </reporter-output>
        </test-method> <!-- getServerAndBrowser -->
        <test-method signature="getProjectAndBrowserName(java.lang.String,java.lang.String)[pri:3, instance:testngdiscussion.ParametersInTestNG@53fdffa1]" started-at="2024-01-02T09:16:47 IST" name="getProjectAndBrowserName" finished-at="2024-01-02T09:16:47 IST" duration-ms="9" status="PASS">
          <params>
            <param index="0">
              <value>
                <![CDATA[9SeptAutomation]]>
              </value>
            </param>
            <param index="1">
              <value>
                <![CDATA[Chrome]]>
              </value>
            </param>
          </params>
          <reporter-output>
          </reporter-output>
        </test-method> <!-- getProjectAndBrowserName -->
      </class> <!-- testngdiscussion.ParametersInTestNG -->
    </test> <!-- ChromeTest -->
    <test started-at="2024-01-02T09:16:47 IST" name="FireFoxTest" finished-at="2024-01-02T09:16:57 IST" duration-ms="10155">
      <class name="testngdiscussion.ParametersInTestNG">
        <test-method signature="getBrowsername(java.lang.String)[pri:1, instance:testngdiscussion.ParametersInTestNG@55634720]" started-at="2024-01-02T09:16:47 IST" name="getBrowsername" finished-at="2024-01-02T09:16:47 IST" duration-ms="6" status="PASS">
          <params>
            <param index="0">
              <value>
                <![CDATA[qa]]>
              </value>
            </param>
          </params>
          <reporter-output>
          </reporter-output>
        </test-method> <!-- getBrowsername -->
        <test-method signature="getServerAndBrowser(java.lang.String,java.lang.String)[pri:2, instance:testngdiscussion.ParametersInTestNG@55634720]" started-at="2024-01-02T09:16:47 IST" name="getServerAndBrowser" finished-at="2024-01-02T09:16:57 IST" duration-ms="10113" status="PASS">
          <params>
            <param index="0">
              <value>
                <![CDATA[qa]]>
              </value>
            </param>
            <param index="1">
              <value>
                <![CDATA[Firefox]]>
              </value>
            </param>
          </params>
          <reporter-output>
          </reporter-output>
        </test-method> <!-- getServerAndBrowser -->
        <test-method signature="getProjectAndBrowserName(java.lang.String,java.lang.String)[pri:3, instance:testngdiscussion.ParametersInTestNG@55634720]" started-at="2024-01-02T09:16:57 IST" name="getProjectAndBrowserName" finished-at="2024-01-02T09:16:57 IST" duration-ms="6" status="PASS">
          <params>
            <param index="0">
              <value>
                <![CDATA[9SeptAutomation]]>
              </value>
            </param>
            <param index="1">
              <value>
                <![CDATA[Firefox]]>
              </value>
            </param>
          </params>
          <reporter-output>
          </reporter-output>
        </test-method> <!-- getProjectAndBrowserName -->
      </class> <!-- testngdiscussion.ParametersInTestNG -->
    </test> <!-- FireFoxTest -->
  </suite> <!-- Suite -->
</testng-results>
