<?xml version="1.0" encoding="UTF-8"?>
<testng-results ignored="0" total="8" passed="7" failed="1" skipped="0">
  <reporter-output>
  </reporter-output>
  <suite started-at="2024-01-09T09:16:02 IST" name="Suite" finished-at="2024-01-09T09:16:25 IST" duration-ms="23612">
    <groups>
    </groups>
    <test started-at="2024-01-09T09:16:02 IST" name="Test" finished-at="2024-01-09T09:16:25 IST" duration-ms="23612">
      <class name="pompage.LoginTest">
        <test-method signature="loginToApp()[pri:1, instance:pompage.LoginTest@4d0f2471]" started-at="2024-01-09T09:16:02 IST" name="loginToApp" finished-at="2024-01-09T09:16:09 IST" duration-ms="7093" status="PASS">
          <reporter-output>
          </reporter-output>
        </test-method> <!-- loginToApp -->
        <test-method signature="registerUser()[pri:2, instance:pompage.LoginTest@4d0f2471]" started-at="2024-01-09T09:16:09 IST" name="registerUser" finished-at="2024-01-09T09:16:09 IST" duration-ms="262" status="PASS">
          <reporter-output>
          </reporter-output>
        </test-method> <!-- registerUser -->
      </class> <!-- pompage.LoginTest -->
      <class name="pompage.RegisterUser2">
        <test-method signature="enterLastName()[pri:0, instance:pompage.RegisterUser2@543588e6]" started-at="2024-01-09T09:16:19 IST" name="enterLastName" finished-at="2024-01-09T09:16:19 IST" duration-ms="7" status="FAIL">
          <exception class="java.lang.NullPointerException">
            <message>
              <![CDATA[Cannot invoke "org.openqa.selenium.WebDriver.findElement(org.openqa.selenium.By)" because "this.driver" is null]]>
            </message>
            <full-stacktrace>
              <![CDATA[java.lang.NullPointerException: Cannot invoke "org.openqa.selenium.WebDriver.findElement(org.openqa.selenium.By)" because "this.driver" is null
at pompage.RegisterUser2.enterLastName(RegisterUser2.java:12)
at java.base/jdk.internal.reflect.NativeMethodAccessorImpl.invoke0(Native Method)
at java.base/jdk.internal.reflect.NativeMethodAccessorImpl.invoke(NativeMethodAccessorImpl.java:77)
at java.base/jdk.internal.reflect.DelegatingMethodAccessorImpl.invoke(DelegatingMethodAccessorImpl.java:43)
at java.base/java.lang.reflect.Method.invoke(Method.java:568)
at org.testng.internal.MethodInvocationHelper.invokeMethod(MethodInvocationHelper.java:133)
at org.testng.internal.TestInvoker.invokeMethod(TestInvoker.java:598)
at org.testng.internal.TestInvoker.invokeTestMethod(TestInvoker.java:173)
at org.testng.internal.MethodRunner.runInSequence(MethodRunner.java:46)
at org.testng.internal.TestInvoker$MethodInvocationAgent.invoke(TestInvoker.java:824)
at org.testng.internal.TestInvoker.invokeTestMethods(TestInvoker.java:146)
at org.testng.internal.TestMethodWorker.invokeTestMethods(TestMethodWorker.java:146)
at org.testng.internal.TestMethodWorker.run(TestMethodWorker.java:128)
at java.base/java.util.ArrayList.forEach(ArrayList.java:1511)
at org.testng.TestRunner.privateRun(TestRunner.java:794)
at org.testng.TestRunner.run(TestRunner.java:596)
at org.testng.SuiteRunner.runTest(SuiteRunner.java:377)
at org.testng.SuiteRunner.runSequentially(SuiteRunner.java:371)
at org.testng.SuiteRunner.privateRun(SuiteRunner.java:332)
at org.testng.SuiteRunner.run(SuiteRunner.java:276)
at org.testng.SuiteRunnerWorker.runSuite(SuiteRunnerWorker.java:53)
at org.testng.SuiteRunnerWorker.run(SuiteRunnerWorker.java:96)
at org.testng.TestNG.runSuitesSequentially(TestNG.java:1212)
at org.testng.TestNG.runSuitesLocally(TestNG.java:1134)
at org.testng.TestNG.runSuites(TestNG.java:1063)
at org.testng.TestNG.run(TestNG.java:1031)
at org.testng.remote.AbstractRemoteTestNG.run(AbstractRemoteTestNG.java:115)
at org.testng.remote.RemoteTestNG.initAndRun(RemoteTestNG.java:251)
at org.testng.remote.RemoteTestNG.main(RemoteTestNG.java:77)
]]>
            </full-stacktrace>
          </exception> <!-- java.lang.NullPointerException -->
          <reporter-output>
          </reporter-output>
        </test-method> <!-- enterLastName -->
        <test-method signature="loginToApp()[pri:1, instance:pompage.RegisterUser2@543588e6]" started-at="2024-01-09T09:16:19 IST" name="loginToApp" finished-at="2024-01-09T09:16:25 IST" duration-ms="5636" status="PASS">
          <reporter-output>
          </reporter-output>
        </test-method> <!-- loginToApp -->
        <test-method signature="registerUser()[pri:2, instance:pompage.RegisterUser2@543588e6]" started-at="2024-01-09T09:16:25 IST" name="registerUser" finished-at="2024-01-09T09:16:25 IST" duration-ms="790" status="PASS">
          <reporter-output>
          </reporter-output>
        </test-method> <!-- registerUser -->
      </class> <!-- pompage.RegisterUser2 -->
      <class name="pompage.RegisterUser">
        <test-method signature="loginToApp()[pri:1, instance:pompage.RegisterUser@18d87d80]" started-at="2024-01-09T09:16:09 IST" name="loginToApp" finished-at="2024-01-09T09:16:18 IST" duration-ms="9111" status="PASS">
          <reporter-output>
          </reporter-output>
        </test-method> <!-- loginToApp -->
        <test-method signature="registerUser()[pri:2, instance:pompage.RegisterUser@18d87d80]" started-at="2024-01-09T09:16:18 IST" name="registerUser" finished-at="2024-01-09T09:16:19 IST" duration-ms="252" status="PASS">
          <reporter-output>
          </reporter-output>
        </test-method> <!-- registerUser -->
        <test-method signature="fillRegistrationForm()[pri:3, instance:pompage.RegisterUser@18d87d80]" started-at="2024-01-09T09:16:19 IST" name="fillRegistrationForm" finished-at="2024-01-09T09:16:19 IST" duration-ms="288" status="PASS">
          <reporter-output>
          </reporter-output>
        </test-method> <!-- fillRegistrationForm -->
      </class> <!-- pompage.RegisterUser -->
    </test> <!-- Test -->
  </suite> <!-- Suite -->
</testng-results>
